<?xml version="1.0" encoding="UTF-8"?>
<!-- Generated by org.testng.reporters.JUnitReportReporter -->
<testsuite hostname="wsc-042" name="com.MemoryRelatedTests.ClearingMemory" tests="3" failures="0" timestamp="23 Jan 2017 14:39:47 GMT" time="0.004" errors="0">
  <testcase name="checkDoubleClearing" time="0.001" classname="com.MemoryRelatedTests.ClearingMemory"/>
  <testcase name="checkVaueAfterClearing" time="0.002" classname="com.MemoryRelatedTests.ClearingMemory"/>
  <testcase name="checkDefaultStateMemory" time="0.001" classname="com.MemoryRelatedTests.ClearingMemory"/>
</testsuite> <!-- com.MemoryRelatedTests.ClearingMemory -->
