<?xml version="1.0" encoding="UTF-8"?>
<!-- Generated by org.testng.reporters.JUnitReportReporter -->
<testsuite hostname="wsc-042" name="com.MemoryRelatedTests.ClearingMemory" tests="3" failures="0" timestamp="24 Jan 2017 07:10:17 GMT" time="0.002" errors="0">
  <testcase name="checkDoubleClearing" time="0.000" classname="com.MemoryRelatedTests.ClearingMemory"/>
  <testcase name="checkVaueAfterClearing" time="0.001" classname="com.MemoryRelatedTests.ClearingMemory"/>
  <testcase name="checkDefaultStateMemory" time="0.001" classname="com.MemoryRelatedTests.ClearingMemory"/>
</testsuite> <!-- com.MemoryRelatedTests.ClearingMemory -->
