<?xml version="1.0" encoding="UTF-8"?>
<!-- Generated by org.testng.reporters.JUnitReportReporter -->
<testsuite hostname="wsc-042" name="com.MemoryRelatedTests.AdditionToMemory" tests="4" failures="0" timestamp="24 Jan 2017 07:10:17 GMT" time="0.006" errors="0">
  <testcase name="checkAddingNegativeValue" time="0.001" classname="com.MemoryRelatedTests.AdditionToMemory"/>
  <testcase name="checkAddPositiveValue" time="0.003" classname="com.MemoryRelatedTests.AdditionToMemory"/>
  <testcase name="checkAddingZero" time="0.000" classname="com.MemoryRelatedTests.AdditionToMemory"/>
  <testcase name="checkAddOnePositiveValues" time="0.002" classname="com.MemoryRelatedTests.AdditionToMemory"/>
</testsuite> <!-- com.MemoryRelatedTests.AdditionToMemory -->
