<?xml version="1.0" encoding="UTF-8"?>
<!-- Generated by org.testng.reporters.JUnitReportReporter -->
<testsuite hostname="wsc-042" name="com.MemoryRelatedTests.SetAndGetMemoTest" tests="4" failures="0" timestamp="23 Jan 2017 14:39:47 GMT" time="0.005" errors="0">
  <testcase name="checkNegativeFloatSetMemory" time="0.000" classname="com.MemoryRelatedTests.SetAndGetMemoTest"/>
  <testcase name="checkZeroSetMemory" time="0.000" classname="com.MemoryRelatedTests.SetAndGetMemoTest"/>
  <testcase name="checkPositiveIntegerSetMemory" time="0.004" classname="com.MemoryRelatedTests.SetAndGetMemoTest"/>
  <testcase name="checkNegativeIntegerSetMemory" time="0.001" classname="com.MemoryRelatedTests.SetAndGetMemoTest"/>
</testsuite> <!-- com.MemoryRelatedTests.SetAndGetMemoTest -->
