<?xml version="1.0" encoding="UTF-8"?>
<!-- Generated by org.testng.reporters.JUnitReportReporter -->
<testsuite hostname="wsc-042" name="com.MemoryRelatedTests.AdditionToMemory" tests="4" failures="0" timestamp="23 Jan 2017 14:39:47 GMT" time="0.005" errors="0">
  <testcase name="checkAddingNegativeValue" time="0.001" classname="com.MemoryRelatedTests.AdditionToMemory"/>
  <testcase name="checkAddPositiveValue" time="0.001" classname="com.MemoryRelatedTests.AdditionToMemory"/>
  <testcase name="checkAddingZero" time="0.002" classname="com.MemoryRelatedTests.AdditionToMemory"/>
  <testcase name="checkAddOnePositiveValues" time="0.001" classname="com.MemoryRelatedTests.AdditionToMemory"/>
</testsuite> <!-- com.MemoryRelatedTests.AdditionToMemory -->
